{"type":"server-started","port":64094,"host":"0.0.0.0","url_host":"localhost","url":"http://localhost:64094","screen_dir":"/workspaces/FFXIV/.superpowers/brainstorm/100149-1776004861/content","state_dir":"/workspaces/FFXIV/.superpowers/brainstorm/100149-1776004861/state"}
{"type":"screen-added","file":"/workspaces/FFXIV/.superpowers/brainstorm/100149-1776004861/content/design-approaches.html"}
{"source":"user-event","type":"click","text":"A\n        Crystal Forge — 典雅 FFXIV 深色\n        推薦\n      \n      \n        \n          深紫黑底色搭配金色/琥珀色重點色調，優雅且有高級感。元素色彩用於 Eureka 分類，像素風 icon 作為裝飾點綴。整體感覺像是精緻的冒險者工具。\n        \n        \n          \n            NavBar 預覽\n            \n              FFXIV 工具箱\n              天氣查詢\n              文理技能\n            \n            卡片風格\n            \n              Spirit of the Remembered\n              配方：護民之記憶 ×1 + 戰士之記憶 ×1\n            \n            \n              Wisdom of the Aetherweaver\n              配方：牢獄之記憶 ×3\n            \n          \n          \n            元素色彩系統\n            \n              火\n              冰\n              風\n              土\n              水\n              雷\n            \n            像素風點綴\n            \n              \n                \n                \n                \n                \n                \n                \n              \n              \n                \n                \n                \n                \n                \n                \n                \n              \n              \n                \n                \n                \n                \n                \n                \n              \n              裝飾用元素 icon\n            \n          \n        \n        \n          金/琥珀重點色\n          深紫黑底色\n          元素色彩分類\n          像素風 icon 點綴\n          微光卡片邊框","choice":"a","id":null,"timestamp":1776005984143}
{"source":"user-event","type":"click","text":"A\n        Crystal Forge — 典雅 FFXIV 深色\n        推薦\n      \n      \n        \n          深紫黑底色搭配金色/琥珀色重點色調，優雅且有高級感。元素色彩用於 Eureka 分類，像素風 icon 作為裝飾點綴。整體感覺像是精緻的冒險者工具。\n        \n        \n          \n            NavBar 預覽\n            \n              FFXIV 工具箱\n              天氣查詢\n              文理技能\n            \n            卡片風格\n            \n              Spirit of the Remembered\n              配方：護民之記憶 ×1 + 戰士之記憶 ×1\n            \n            \n              Wisdom of the Aetherweaver\n              配方：牢獄之記憶 ×3\n            \n          \n          \n            元素色彩系統\n            \n              火\n              冰\n              風\n              土\n              水\n              雷\n            \n            像素風點綴\n            \n              \n                \n                \n                \n                \n                \n                \n              \n              \n                \n                \n                \n                \n                \n                \n                \n              \n              \n                \n                \n                \n                \n                \n                \n              \n              裝飾用元素 icon\n            \n          \n        \n        \n          金/琥珀重點色\n          深紫黑底色\n          元素色彩分類\n          像素風 icon 點綴\n          微光卡片邊框","choice":"a","id":null,"timestamp":1776005987320}
{"source":"user-event","type":"click","text":"A\n        Crystal Forge — 典雅 FFXIV 深色\n        推薦\n      \n      \n        \n          深紫黑底色搭配金色/琥珀色重點色調，優雅且有高級感。元素色彩用於 Eureka 分類，像素風 icon 作為裝飾點綴。整體感覺像是精緻的冒險者工具。\n        \n        \n          \n            NavBar 預覽\n            \n              FFXIV 工具箱\n              天氣查詢\n              文理技能\n            \n            卡片風格\n            \n              Spirit of the Remembered\n              配方：護民之記憶 ×1 + 戰士之記憶 ×1\n            \n            \n              Wisdom of the Aetherweaver\n              配方：牢獄之記憶 ×3\n            \n          \n          \n            元素色彩系統\n            \n              火\n              冰\n              風\n              土\n              水\n              雷\n            \n            像素風點綴\n            \n              \n                \n                \n                \n                \n                \n                \n              \n              \n                \n                \n                \n                \n                \n                \n                \n              \n              \n                \n                \n                \n                \n                \n                \n              \n              裝飾用元素 icon\n            \n          \n        \n        \n          金/琥珀重點色\n          深紫黑底色\n          元素色彩分類\n          像素風 icon 點綴\n          微光卡片邊框","choice":"a","id":null,"timestamp":1776005987738}
{"type":"screen-added","file":"/workspaces/FFXIV/.superpowers/brainstorm/100149-1776004861/content/design-system.html"}
{"type":"screen-added","file":"/workspaces/FFXIV/.superpowers/brainstorm/100149-1776004861/content/elements-v2.html"}
{"type":"screen-added","file":"/workspaces/FFXIV/.superpowers/brainstorm/100149-1776004861/content/typography.html"}
{"type":"screen-added","file":"/workspaces/FFXIV/.superpowers/brainstorm/100149-1776004861/content/navbar-homepage.html"}
{"type":"screen-added","file":"/workspaces/FFXIV/.superpowers/brainstorm/100149-1776004861/content/logo-icon.html"}
{"type":"screen-added","file":"/workspaces/FFXIV/.superpowers/brainstorm/100149-1776004861/content/ozma-logo.html"}
{"type":"screen-added","file":"/workspaces/FFXIV/.superpowers/brainstorm/100149-1776004861/content/ozma-logo-v2.html"}
{"type":"screen-added","file":"/workspaces/FFXIV/.superpowers/brainstorm/100149-1776004861/content/ozma-logo-v3.html"}
{"type":"screen-added","file":"/workspaces/FFXIV/.superpowers/brainstorm/100149-1776004861/content/ozma-logo-v4.html"}
{"type":"screen-added","file":"/workspaces/FFXIV/.superpowers/brainstorm/100149-1776004861/content/ozma-logo-v5.html"}
{"type":"screen-updated","file":"/workspaces/FFXIV/.superpowers/brainstorm/100149-1776004861/content/ozma-logo-v5.html"}
{"type":"screen-updated","file":"/workspaces/FFXIV/.superpowers/brainstorm/100149-1776004861/content/ozma-logo-v5.html"}
{"type":"screen-updated","file":"/workspaces/FFXIV/.superpowers/brainstorm/100149-1776004861/content/ozma-logo-v5.html"}
{"type":"screen-updated","file":"/workspaces/FFXIV/.superpowers/brainstorm/100149-1776004861/content/ozma-logo-v5.html"}
{"type":"screen-updated","file":"/workspaces/FFXIV/.superpowers/brainstorm/100149-1776004861/content/ozma-logo-v5.html"}
{"type":"screen-updated","file":"/workspaces/FFXIV/.superpowers/brainstorm/100149-1776004861/content/ozma-logo-v5.html"}
{"type":"screen-updated","file":"/workspaces/FFXIV/.superpowers/brainstorm/100149-1776004861/content/ozma-logo-v5.html"}
{"type":"screen-updated","file":"/workspaces/FFXIV/.superpowers/brainstorm/100149-1776004861/content/ozma-logo-v5.html"}
{"type":"screen-added","file":"/workspaces/FFXIV/.superpowers/brainstorm/100149-1776004861/content/ozma-logo-v6.html"}
{"type":"screen-updated","file":"/workspaces/FFXIV/.superpowers/brainstorm/100149-1776004861/content/ozma-logo-v6.html"}
{"type":"screen-added","file":"/workspaces/FFXIV/.superpowers/brainstorm/100149-1776004861/content/ozma-logo-v7-compare.html"}
{"type":"screen-added","file":"/workspaces/FFXIV/.superpowers/brainstorm/100149-1776004861/content/ozma-logo-v8-final.html"}
{"type":"screen-added","file":"/workspaces/FFXIV/.superpowers/brainstorm/100149-1776004861/content/ozma-logo-v9-light.html"}
{"type":"screen-added","file":"/workspaces/FFXIV/.superpowers/brainstorm/100149-1776004861/content/weather-eureka-pages.html"}
{"type":"server-stopped","reason":"idle timeout"}
